<?xml version="1.0" encoding="UTF-8"?>
<!-- Generated by org.testng.reporters.JUnitXMLReporter -->
<testsuite ignored="0" hostname="Rose-MBP.domain.name" failures="0" tests="15" name="API Tests" time="13.539" errors="0" timestamp="2026-01-17T12:06:42 IST">
  <testcase classname="domain.UsersTest" name="createUser" time="3.009"/>
  <testcase classname="domain.UsersTest" name="deleteUser" time="0.775"/>
  <testcase classname="domain.UsersTest" name="getAllUsers" time="1.042"/>
  <testcase classname="domain.UsersTest" name="getUserById" time="0.696"/>
  <testcase classname="domain.UsersTest" name="updateUser" time="0.456"/>
  <testcase classname="domain.CartsTest" name="createCart" time="0.437"/>
  <testcase classname="domain.CartsTest" name="deleteCart" time="0.676"/>
  <testcase classname="domain.CartsTest" name="getAllCarts" time="0.624"/>
  <testcase classname="domain.CartsTest" name="getCartById" time="0.498"/>
  <testcase classname="domain.CartsTest" name="updateCart" time="0.405"/>
  <testcase classname="domain.ProductsTest" name="createProduct" time="0.454"/>
  <testcase classname="domain.ProductsTest" name="deleteProduct" time="0.55"/>
  <testcase classname="domain.ProductsTest" name="getAllProducts" time="1.355"/>
  <testcase classname="domain.ProductsTest" name="getProductById" time="0.473"/>
  <testcase classname="domain.ProductsTest" name="updateProduct" time="1.349"/>
</testsuite> <!-- API Tests -->
