<?xml version="1.0" encoding="UTF-8"?>
<!-- Generated by org.testng.reporters.JUnitXMLReporter -->
<testsuite ignored="0" hostname="Rose-MBP.domain.name" failures="0" tests="15" name="API Tests" time="14.388" errors="0" timestamp="2026-01-17T12:00:33 IST">
  <testcase classname="domain.UsersTest" name="createUser" time="2.873"/>
  <testcase classname="domain.UsersTest" name="deleteUser" time="0.86"/>
  <testcase classname="domain.UsersTest" name="getAllUsers" time="1.052"/>
  <testcase classname="domain.UsersTest" name="getUserById" time="0.695"/>
  <testcase classname="domain.UsersTest" name="updateUser" time="0.405"/>
  <testcase classname="domain.CartsTest" name="createCart" time="0.463"/>
  <testcase classname="domain.CartsTest" name="deleteCart" time="0.603"/>
  <testcase classname="domain.CartsTest" name="getAllCarts" time="0.618"/>
  <testcase classname="domain.CartsTest" name="getCartById" time="0.533"/>
  <testcase classname="domain.CartsTest" name="updateCart" time="0.468"/>
  <testcase classname="domain.ProductsTest" name="createProduct" time="0.911"/>
  <testcase classname="domain.ProductsTest" name="deleteProduct" time="0.815"/>
  <testcase classname="domain.ProductsTest" name="getAllProducts" time="1.831"/>
  <testcase classname="domain.ProductsTest" name="getProductById" time="0.457"/>
  <testcase classname="domain.ProductsTest" name="updateProduct" time="1.037"/>
</testsuite> <!-- API Tests -->
