<?xml version="1.0" encoding="UTF-8"?>
<testsuite xmlns:xsi="http://www.w3.org/2001/XMLSchema-instance" xsi:noNamespaceSchemaLocation="https://maven.apache.org/surefire/maven-surefire-plugin/xsd/surefire-test-report-3.0.xsd" version="3.0" name="TestSuite" time="15.432" tests="15" errors="0" skipped="0" failures="0">
  <properties>
[...]
</properties>
  <testcase name="createUser" classname="domain.UsersTest" time="2.641">
    <system-err><![CDATA[SLF4J: Failed to load class "org.slf4j.impl.StaticLoggerBinder".
SLF4J: Defaulting to no-operation (NOP) logger implementation
SLF4J: See http://www.slf4j.org/codes.html#StaticLoggerBinder for further details.
]]></system-err>
  </testcase>
  <testcase name="deleteUser" classname="domain.UsersTest" time="0.857"/>
  <testcase name="getAllUsers" classname="domain.UsersTest" time="1.064"/>
  <testcase name="getUserById" classname="domain.UsersTest" time="0.689"/>
  <testcase name="updateUser" classname="domain.UsersTest" time="0.403"/>
  <testcase name="createCart" classname="domain.CartsTest" time="0.463"/>
  <testcase name="deleteCart" classname="domain.CartsTest" time="0.601"/>
  <testcase name="getAllCarts" classname="domain.CartsTest" time="0.616"/>
  <testcase name="getCartById" classname="domain.CartsTest" time="0.532"/>
  <testcase name="updateCart" classname="domain.CartsTest" time="0.47"/>
  <testcase name="createProduct" classname="domain.ProductsTest" time="0.911"/>
  <testcase name="deleteProduct" classname="domain.ProductsTest" time="0.811"/>
  <testcase name="getAllProducts" classname="domain.ProductsTest" time="1.829"/>
  <testcase name="getProductById" classname="domain.ProductsTest" time="0.455"/>
  <testcase name="updateProduct" classname="domain.ProductsTest" time="1.035"/>
</testsuite>