<?xml version="1.0" encoding="UTF-8"?>
<!-- Generated by org.testng.reporters.JUnitReportReporter -->
<testsuite hostname="Rose-MBP.domain.name" failures="0" tests="5" name="domain.ProductsTest" time="3.081" errors="0" timestamp="2026-01-15T23:54:39 IST" skipped="0">
  <testcase classname="domain.ProductsTest" name="getAllProducts" time="0.784"/>
  <testcase classname="domain.ProductsTest" name="getProductById" time="0.491"/>
  <testcase classname="domain.ProductsTest" name="updateProduct" time="1.002"/>
  <testcase classname="domain.ProductsTest" name="deleteProduct" time="0.404"/>
  <testcase classname="domain.ProductsTest" name="createProduct" time="0.400"/>
</testsuite> <!-- domain.ProductsTest -->
