<?xml version="1.0" encoding="UTF-8"?>
<!-- Generated by org.testng.reporters.JUnitReportReporter -->
<testsuite hostname="Rose-MBP.domain.name" failures="0" tests="5" name="domain.UsersTest" time="5.978" errors="0" timestamp="2026-01-17T12:06:42 IST" skipped="0">
  <testcase classname="domain.UsersTest" name="getAllUsers" time="1.042"/>
  <testcase classname="domain.UsersTest" name="createUser" time="3.009"/>
  <testcase classname="domain.UsersTest" name="updateUser" time="0.456"/>
  <testcase classname="domain.UsersTest" name="getUserById" time="0.696"/>
  <testcase classname="domain.UsersTest" name="deleteUser" time="0.775"/>
</testsuite> <!-- domain.UsersTest -->
