<?xml version="1.0" encoding="UTF-8"?>
<!-- Generated by org.testng.reporters.JUnitReportReporter -->
<testsuite hostname="Rose-MBP.domain.name" failures="0" tests="5" name="domain.UsersTest" time="5.885" errors="0" timestamp="2026-01-17T12:00:33 IST" skipped="0">
  <testcase classname="domain.UsersTest" name="createUser" time="2.873"/>
  <testcase classname="domain.UsersTest" name="getAllUsers" time="1.052"/>
  <testcase classname="domain.UsersTest" name="updateUser" time="0.405"/>
  <testcase classname="domain.UsersTest" name="getUserById" time="0.695"/>
  <testcase classname="domain.UsersTest" name="deleteUser" time="0.860"/>
</testsuite> <!-- domain.UsersTest -->
