<?xml version="1.0" encoding="UTF-8"?>
<!-- Generated by org.testng.reporters.JUnitReportReporter -->
<testsuite hostname="Rose-MBP.domain.name" failures="0" tests="5" name="domain.CartsTest" time="2.640" errors="0" timestamp="2026-01-17T12:06:42 IST" skipped="0">
  <testcase classname="domain.CartsTest" name="updateCart" time="0.405"/>
  <testcase classname="domain.CartsTest" name="createCart" time="0.437"/>
  <testcase classname="domain.CartsTest" name="getAllCarts" time="0.624"/>
  <testcase classname="domain.CartsTest" name="deleteCart" time="0.676"/>
  <testcase classname="domain.CartsTest" name="getCartById" time="0.498"/>
</testsuite> <!-- domain.CartsTest -->
