<?xml version="1.0" encoding="UTF-8"?>
<!-- Generated by org.testng.reporters.JUnitReportReporter -->
<testsuite hostname="Rose-MBP.domain.name" failures="0" tests="5" name="domain.ProductsTest" time="4.181" errors="0" timestamp="2026-01-17T12:06:42 IST" skipped="0">
  <testcase classname="domain.ProductsTest" name="createProduct" time="0.454"/>
  <testcase classname="domain.ProductsTest" name="getAllProducts" time="1.355"/>
  <testcase classname="domain.ProductsTest" name="getProductById" time="0.473"/>
  <testcase classname="domain.ProductsTest" name="updateProduct" time="1.349"/>
  <testcase classname="domain.ProductsTest" name="deleteProduct" time="0.550"/>
</testsuite> <!-- domain.ProductsTest -->
